<?xml version="1.0" encoding="UTF-8"?>
<!-- Generated by org.testng.reporters.JUnitXMLReporter -->
<testsuite ignored="0" hostname="VishalGhule" failures="0" tests="7" name="Default test" time="66.174" errors="0" timestamp="2022-08-18T22:56:47 IST">
  <testcase classname="TestLayer.DataProviderAnnotation" name="setUp" time="12.903"/>
  <testcase classname="TestLayer.DataProviderAnnotation" name="setUp" time="9.257"/>
  <testcase classname="TestLayer.DataProviderAnnotation" name="setUp" time="9.301"/>
  <testcase classname="TestLayer.DataProviderAnnotation" name="setUp" time="9.377"/>
  <testcase classname="TestLayer.DataProviderAnnotation" name="setUp" time="9.002"/>
  <testcase classname="TestLayer.DataProviderAnnotation" name="setUp" time="6.942"/>
  <testcase classname="TestLayer.DataProviderAnnotation" name="setUp" time="7.418"/>
</testsuite> <!-- Default test -->
