<?xml version="1.0" encoding="UTF-8"?>
<testng-results ignored="0" total="7" passed="7" failed="0" skipped="0">
  <reporter-output>
  </reporter-output>
  <suite started-at="2022-08-18T22:55:40 IST" name="Default suite" finished-at="2022-08-18T22:56:47 IST" duration-ms="66174">
    <groups>
    </groups>
    <test started-at="2022-08-18T22:55:40 IST" name="Default test" finished-at="2022-08-18T22:56:47 IST" duration-ms="66174">
      <class name="TestLayer.DataProviderAnnotation">
        <test-method signature="setUp(java.lang.String,java.lang.String)[pri:0, instance:TestLayer.DataProviderAnnotation@1d9b7cce]" started-at="2022-08-18T22:55:42 IST" name="setUp" data-provider="data" finished-at="2022-08-18T22:55:55 IST" duration-ms="12903" status="PASS">
          <params>
            <param index="0">
              <value>
                <![CDATA[vishal1]]>
              </value>
            </param>
            <param index="1">
              <value>
                <![CDATA[ghule1]]>
              </value>
            </param>
          </params>
          <reporter-output>
          </reporter-output>
        </test-method> <!-- setUp -->
        <test-method signature="setUp(java.lang.String,java.lang.String)[pri:0, instance:TestLayer.DataProviderAnnotation@1d9b7cce]" started-at="2022-08-18T22:55:55 IST" name="setUp" data-provider="data" finished-at="2022-08-18T22:56:05 IST" duration-ms="9257" status="PASS">
          <params>
            <param index="0">
              <value>
                <![CDATA[vishal2]]>
              </value>
            </param>
            <param index="1">
              <value>
                <![CDATA[ghule2]]>
              </value>
            </param>
          </params>
          <reporter-output>
          </reporter-output>
        </test-method> <!-- setUp -->
        <test-method signature="setUp(java.lang.String,java.lang.String)[pri:0, instance:TestLayer.DataProviderAnnotation@1d9b7cce]" started-at="2022-08-18T22:56:05 IST" name="setUp" data-provider="data" finished-at="2022-08-18T22:56:14 IST" duration-ms="9301" status="PASS">
          <params>
            <param index="0">
              <value>
                <![CDATA[vishal3]]>
              </value>
            </param>
            <param index="1">
              <value>
                <![CDATA[ghule3]]>
              </value>
            </param>
          </params>
          <reporter-output>
          </reporter-output>
        </test-method> <!-- setUp -->
        <test-method signature="setUp(java.lang.String,java.lang.String)[pri:0, instance:TestLayer.DataProviderAnnotation@1d9b7cce]" started-at="2022-08-18T22:56:14 IST" name="setUp" data-provider="data" finished-at="2022-08-18T22:56:23 IST" duration-ms="9377" status="PASS">
          <params>
            <param index="0">
              <value>
                <![CDATA[vishal4]]>
              </value>
            </param>
            <param index="1">
              <value>
                <![CDATA[ghule4]]>
              </value>
            </param>
          </params>
          <reporter-output>
          </reporter-output>
        </test-method> <!-- setUp -->
        <test-method signature="setUp(java.lang.String,java.lang.String)[pri:0, instance:TestLayer.DataProviderAnnotation@1d9b7cce]" started-at="2022-08-18T22:56:23 IST" name="setUp" data-provider="data" finished-at="2022-08-18T22:56:32 IST" duration-ms="9002" status="PASS">
          <params>
            <param index="0">
              <value>
                <![CDATA[vishal5]]>
              </value>
            </param>
            <param index="1">
              <value>
                <![CDATA[ghule5]]>
              </value>
            </param>
          </params>
          <reporter-output>
          </reporter-output>
        </test-method> <!-- setUp -->
        <test-method signature="setUp(java.lang.String,java.lang.String)[pri:0, instance:TestLayer.DataProviderAnnotation@1d9b7cce]" started-at="2022-08-18T22:56:32 IST" name="setUp" data-provider="data" finished-at="2022-08-18T22:56:39 IST" duration-ms="6942" status="PASS">
          <params>
            <param index="0">
              <value>
                <![CDATA[vishal6]]>
              </value>
            </param>
            <param index="1">
              <value>
                <![CDATA[ghule6]]>
              </value>
            </param>
          </params>
          <reporter-output>
          </reporter-output>
        </test-method> <!-- setUp -->
        <test-method signature="setUp(java.lang.String,java.lang.String)[pri:0, instance:TestLayer.DataProviderAnnotation@1d9b7cce]" started-at="2022-08-18T22:56:39 IST" name="setUp" data-provider="data" finished-at="2022-08-18T22:56:47 IST" duration-ms="7418" status="PASS">
          <params>
            <param index="0">
              <value>
                <![CDATA[vishal7]]>
              </value>
            </param>
            <param index="1">
              <value>
                <![CDATA[ghule7]]>
              </value>
            </param>
          </params>
          <reporter-output>
          </reporter-output>
        </test-method> <!-- setUp -->
      </class> <!-- TestLayer.DataProviderAnnotation -->
    </test> <!-- Default test -->
  </suite> <!-- Default suite -->
</testng-results>
